<?xml version="1.0" encoding="UTF-8"?>
<testng-results skipped="0" failed="1" ignored="0" total="3" passed="2">
  <reporter-output>
  </reporter-output>
  <suite name="Default suite" duration-ms="11226" started-at="2020-04-02T12:31:10 IST" finished-at="2020-04-02T12:31:21 IST">
    <groups>
    </groups>
    <test name="Default test" duration-ms="11226" started-at="2020-04-02T12:31:10 IST" finished-at="2020-04-02T12:31:21 IST">
      <class name="com.azureproject.test.AzureTest">
        <test-method status="PASS" signature="openBrowser()[pri:0, instance:com.azureproject.test.AzureTest@3b084709]" name="openBrowser" is-config="true" duration-ms="10212" started-at="2020-04-02T12:31:10 IST" finished-at="2020-04-02T12:31:20 IST">
          <reporter-output>
          </reporter-output>
        </test-method> <!-- openBrowser -->
        <test-method status="PASS" signature="verifyInformationText()[pri:0, instance:com.azureproject.test.AzureTest@3b084709]" name="verifyInformationText" duration-ms="51" started-at="2020-04-02T12:31:20 IST" finished-at="2020-04-02T12:31:20 IST">
          <reporter-output>
          </reporter-output>
        </test-method> <!-- verifyInformationText -->
        <test-method status="FAIL" signature="verifyTitle()[pri:0, instance:com.azureproject.test.AzureTest@3b084709]" name="verifyTitle" duration-ms="17" started-at="2020-04-02T12:31:20 IST" finished-at="2020-04-02T12:31:20 IST">
          <exception class="java.lang.AssertionError">
            <message>
              <![CDATA[expected [Welcome to Jenkins ] but found [Welcome to Jenkins]]]>
            </message>
            <full-stacktrace>
              <![CDATA[java.lang.AssertionError: expected [Welcome to Jenkins ] but found [Welcome to Jenkins]
at org.testng.Assert.fail(Assert.java:97)
at org.testng.Assert.assertEqualsImpl(Assert.java:136)
at org.testng.Assert.assertEquals(Assert.java:118)
at org.testng.Assert.assertEquals(Assert.java:575)
at org.testng.Assert.assertEquals(Assert.java:585)
at com.azureproject.test.AzureTest.verifyTitle(AzureTest.java:48)
at sun.reflect.NativeMethodAccessorImpl.invoke0(Native Method)
at sun.reflect.NativeMethodAccessorImpl.invoke(Unknown Source)
at sun.reflect.DelegatingMethodAccessorImpl.invoke(Unknown Source)
at java.lang.reflect.Method.invoke(Unknown Source)
at org.testng.internal.MethodInvocationHelper.invokeMethod(MethodInvocationHelper.java:133)
at org.testng.internal.TestInvoker.invokeMethod(TestInvoker.java:584)
at org.testng.internal.TestInvoker.invokeTestMethod(TestInvoker.java:172)
at org.testng.internal.MethodRunner.runInSequence(MethodRunner.java:46)
at org.testng.internal.TestInvoker$MethodInvocationAgent.invoke(TestInvoker.java:804)
at org.testng.internal.TestInvoker.invokeTestMethods(TestInvoker.java:145)
at org.testng.internal.TestMethodWorker.invokeTestMethods(TestMethodWorker.java:146)
at org.testng.internal.TestMethodWorker.run(TestMethodWorker.java:128)
at java.util.ArrayList.forEach(Unknown Source)
at org.testng.TestRunner.privateRun(TestRunner.java:770)
at org.testng.TestRunner.run(TestRunner.java:591)
at org.testng.SuiteRunner.runTest(SuiteRunner.java:402)
at org.testng.SuiteRunner.runSequentially(SuiteRunner.java:396)
at org.testng.SuiteRunner.privateRun(SuiteRunner.java:355)
at org.testng.SuiteRunner.run(SuiteRunner.java:304)
at org.testng.SuiteRunnerWorker.runSuite(SuiteRunnerWorker.java:53)
at org.testng.SuiteRunnerWorker.run(SuiteRunnerWorker.java:96)
at org.testng.TestNG.runSuitesSequentially(TestNG.java:1180)
at org.testng.TestNG.runSuitesLocally(TestNG.java:1102)
at org.testng.TestNG.runSuites(TestNG.java:1032)
at org.testng.TestNG.run(TestNG.java:1000)
at org.testng.remote.AbstractRemoteTestNG.run(AbstractRemoteTestNG.java:115)
at org.testng.remote.RemoteTestNG.initAndRun(RemoteTestNG.java:251)
at org.testng.remote.RemoteTestNG.main(RemoteTestNG.java:77)
]]>
            </full-stacktrace>
          </exception> <!-- java.lang.AssertionError -->
          <reporter-output>
          </reporter-output>
        </test-method> <!-- verifyTitle -->
        <test-method status="PASS" signature="verifyWelcomeText()[pri:0, instance:com.azureproject.test.AzureTest@3b084709]" name="verifyWelcomeText" duration-ms="62" started-at="2020-04-02T12:31:20 IST" finished-at="2020-04-02T12:31:20 IST">
          <reporter-output>
          </reporter-output>
        </test-method> <!-- verifyWelcomeText -->
        <test-method status="PASS" signature="tearDown()[pri:0, instance:com.azureproject.test.AzureTest@3b084709]" name="tearDown" is-config="true" duration-ms="802" started-at="2020-04-02T12:31:20 IST" finished-at="2020-04-02T12:31:21 IST">
          <reporter-output>
          </reporter-output>
        </test-method> <!-- tearDown -->
      </class> <!-- com.azureproject.test.AzureTest -->
    </test> <!-- Default test -->
  </suite> <!-- Default suite -->
</testng-results>
